<?xml version="1.0" encoding="UTF-8"?>
<!-- Generated by org.testng.reporters.JUnitXMLReporter -->
<testsuite hostname="BG01W00160" ignored="0" name="TC_001_Login" tests="9" failures="0" timestamp="06 Dec 2018 13:52:36 GMT" time="0.023" errors="0">
  <testcase name="@BeforeSuite setup" time="0.0" classname="com.automation.gvc.setup.BasicSetup">
    <failure type="org.testng.TestNGException" message="
Parameter &amp;apos;browser&amp;apos; is required by BeforeSuite on method setup but has not been marked @Optional or defined
in C:\GVC_TEST\src\main\resources\testng.xml">
      <![CDATA[org.testng.TestNGException: 
Parameter 'browser' is required by BeforeSuite on method setup but has not been marked @Optional or defined
in C:\GVC_TEST\src\main\resources\testng.xml
at org.testng.internal.Parameters.createParams(Parameters.java:290)
at org.testng.internal.Parameters.createParametersForMethod(Parameters.java:359)
at org.testng.internal.Parameters.createParameters(Parameters.java:620)
at org.testng.internal.Parameters.createConfigurationParameters(Parameters.java:190)
at org.testng.internal.Invoker.invokeConfigurations(Invoker.java:209)
at org.testng.internal.Invoker.invokeConfigurations(Invoker.java:142)
at org.testng.SuiteRunner.privateRun(SuiteRunner.java:401)
at org.testng.SuiteRunner.run(SuiteRunner.java:364)
at org.testng.SuiteRunnerWorker.runSuite(SuiteRunnerWorker.java:52)
at org.testng.SuiteRunnerWorker.run(SuiteRunnerWorker.java:84)
at org.testng.TestNG.runSuitesSequentially(TestNG.java:1208)
at org.testng.TestNG.runSuitesLocally(TestNG.java:1137)
at org.testng.TestNG.runSuites(TestNG.java:1049)
at org.testng.TestNG.run(TestNG.java:1017)
at org.apache.maven.surefire.testng.TestNGExecutor.run(TestNGExecutor.java:281)
at org.apache.maven.surefire.testng.TestNGXmlTestSuite.execute(TestNGXmlTestSuite.java:75)
at org.apache.maven.surefire.testng.TestNGProvider.invoke(TestNGProvider.java:121)
at org.apache.maven.surefire.booter.ForkedBooter.invokeProviderInSameClassLoader(ForkedBooter.java:290)
at org.apache.maven.surefire.booter.ForkedBooter.runSuitesInProcess(ForkedBooter.java:242)
at org.apache.maven.surefire.booter.ForkedBooter.main(ForkedBooter.java:121)
]]>
    </failure>
  </testcase> <!-- @BeforeSuite setup -->
  <testcase name="@BeforeClass startTest" time="0.0" classname="com.automation.gvc.test.TC_001_Login">
    <skipped/>
  </testcase> <!-- @BeforeClass startTest -->
  <testcase name="@AfterMethod report" time="0.0" classname="com.automation.gvc.setup.BasicSetup">
    <skipped/>
  </testcase> <!-- @AfterMethod report -->
  <testcase name="@AfterMethod report" time="0.0" classname="com.automation.gvc.setup.BasicSetup">
    <skipped/>
  </testcase> <!-- @AfterMethod report -->
  <testcase name="@AfterMethod report" time="0.0" classname="com.automation.gvc.setup.BasicSetup">
    <skipped/>
  </testcase> <!-- @AfterMethod report -->
  <testcase name="@AfterMethod report" time="0.0" classname="com.automation.gvc.setup.BasicSetup">
    <skipped/>
  </testcase> <!-- @AfterMethod report -->
  <testcase name="@AfterMethod report" time="0.0" classname="com.automation.gvc.setup.BasicSetup">
    <skipped/>
  </testcase> <!-- @AfterMethod report -->
  <testcase name="@AfterMethod report" time="0.0" classname="com.automation.gvc.setup.BasicSetup">
    <skipped/>
  </testcase> <!-- @AfterMethod report -->
  <testcase name="@AfterMethod report" time="0.0" classname="com.automation.gvc.setup.BasicSetup">
    <skipped/>
  </testcase> <!-- @AfterMethod report -->
  <testcase name="@AfterMethod report" time="0.0" classname="com.automation.gvc.setup.BasicSetup">
    <skipped/>
  </testcase> <!-- @AfterMethod report -->
  <testcase name="@AfterMethod report" time="0.0" classname="com.automation.gvc.setup.BasicSetup">
    <skipped/>
  </testcase> <!-- @AfterMethod report -->
  <testcase name="@AfterClass quit" time="0.0" classname="com.automation.gvc.test.TC_001_Login">
    <skipped/>
  </testcase> <!-- @AfterClass quit -->
  <testcase name="openHomePage" time="0.0" classname="com.automation.gvc.test.TC_001_Login">
    <skipped/>
  </testcase> <!-- openHomePage -->
  <testcase name="searchItem" time="0.0" classname="com.automation.gvc.test.TC_001_Login">
    <skipped/>
  </testcase> <!-- searchItem -->
  <testcase name="openDepartments" time="0.0" classname="com.automation.gvc.test.TC_001_Login">
    <skipped/>
  </testcase> <!-- openDepartments -->
  <testcase name="setPriceRange" time="0.0" classname="com.automation.gvc.test.TC_001_Login">
    <skipped/>
  </testcase> <!-- setPriceRange -->
  <testcase name="setAgeRange" time="0.0" classname="com.automation.gvc.test.TC_001_Login">
    <skipped/>
  </testcase> <!-- setAgeRange -->
  <testcase name="openItem" time="0.0" classname="com.automation.gvc.test.TC_001_Login">
    <skipped/>
  </testcase> <!-- openItem -->
  <testcase name="setQty" time="0.0" classname="com.automation.gvc.test.TC_001_Login">
    <skipped/>
  </testcase> <!-- setQty -->
  <testcase name="addItemToCart" time="0.0" classname="com.automation.gvc.test.TC_001_Login">
    <skipped/>
  </testcase> <!-- addItemToCart -->
  <testcase name="checkCart" time="0.0" classname="com.automation.gvc.test.TC_001_Login">
    <skipped/>
  </testcase> <!-- checkCart -->
</testsuite> <!-- TC_001_Login -->
