<?xml version="1.0" encoding="UTF-8"?>
<testsuite xmlns:xsi="http://www.w3.org/2001/XMLSchema-instance" xsi:schemaLocation="https://maven.apache.org/surefire/maven-surefire-plugin/xsd/surefire-test-report.xsd" name="TestSuite" time="0.672" tests="21" errors="0" skipped="20" failures="1">
  <properties>
    <property name="idea.version" value="2018.3"/>
    <property name="java.runtime.name" value="Java(TM) SE Runtime Environment"/>
    <property name="sun.boot.library.path" value="C:\Program Files\Java\jdk1.8.0_191\jre\bin"/>
    <property name="java.vm.version" value="25.191-b12"/>
    <property name="java.vm.vendor" value="Oracle Corporation"/>
    <property name="maven.multiModuleProjectDirectory" value="C:\GVC_TEST"/>
    <property name="java.vendor.url" value="http://java.oracle.com/"/>
    <property name="path.separator" value=";"/>
    <property name="guice.disable.misplaced.annotation.check" value="true"/>
    <property name="java.vm.name" value="Java HotSpot(TM) 64-Bit Server VM"/>
    <property name="file.encoding.pkg" value="sun.io"/>
    <property name="idea.launcher.port" value="55731"/>
    <property name="user.script" value=""/>
    <property name="user.country" value="US"/>
    <property name="sun.java.launcher" value="SUN_STANDARD"/>
    <property name="sun.os.patch.level" value=""/>
    <property name="java.vm.specification.name" value="Java Virtual Machine Specification"/>
    <property name="user.dir" value="C:\GVC_TEST"/>
    <property name="java.runtime.version" value="1.8.0_191-b12"/>
    <property name="java.awt.graphicsenv" value="sun.awt.Win32GraphicsEnvironment"/>
    <property name="java.endorsed.dirs" value="C:\Program Files\Java\jdk1.8.0_191\jre\lib\endorsed"/>
    <property name="os.arch" value="amd64"/>
    <property name="java.io.tmpdir" value="C:\Users\ppopov2\AppData\Local\Temp\"/>
    <property name="line.separator" value="&#10;"/>
    <property name="java.vm.specification.vendor" value="Oracle Corporation"/>
    <property name="user.variant" value=""/>
    <property name="os.name" value="Windows 10"/>
    <property name="classworlds.conf" value="C:\Users\ppopov2\AppData\Local\JetBrains\Toolbox\apps\IDEA-U\ch-0\183.4284.148\plugins\maven\lib\maven3\bin\m2.conf"/>
    <property name="sun.jnu.encoding" value="Cp1252"/>
    <property name="java.library.path" value="C:\Program Files\Java\jdk1.8.0_191\bin;C:\WINDOWS\Sun\Java\bin;C:\WINDOWS\system32;C:\WINDOWS;C:\ProgramData\Boxstarter;C:\Program Files\Microsoft MPI\Bin\;C:\Python27\;C:\Python27\Scripts;C:\Program Files\Common Files\Oracle\Java\javapath;C:\ProgramData\Oracle\Java\javapath;C:\WINDOWS\system32;C:\WINDOWS;C:\WINDOWS\System32\Wbem;C:\WINDOWS\System32\WindowsPowerShell\v1.0\;C:\Python27;C:\Python27\Scripts\;C:\bin;C:\ProgramData\chocolatey\bin;C:\Python27\Scripts\chromedriver.exe;C:\Program Files\Git\cmd;C:\JMeter\bin;C:\Program Files\Java\jdk1.8.0_191\bin;C:\Program Files\TortoiseGit\bin;C:\Program Files\dotnet\;C:\Program Files\Microsoft SQL Server\130\Tools\Binn\;C:\Program Files (x86)\NUnit.org\nunit-console;C:\Program Files\nodejs\;C:\Users\ppopov2\AppData\Local\Microsoft\WindowsApps;C:\Users\ppopov2\AppData\Roaming\npm;."/>
    <property name="java.specification.name" value="Java Platform API Specification"/>
    <property name="java.class.version" value="52.0"/>
    <property name="sun.management.compiler" value="HotSpot 64-Bit Tiered Compilers"/>
    <property name="os.version" value="10.0"/>
    <property name="user.home" value="C:\Users\ppopov2"/>
    <property name="user.timezone" value="Europe/Helsinki"/>
    <property name="java.awt.printerjob" value="sun.awt.windows.WPrinterJob"/>
    <property name="java.specification.version" value="1.8"/>
    <property name="idea.launcher.bin.path" value="C:\Users\ppopov2\AppData\Local\JetBrains\Toolbox\apps\IDEA-U\ch-0\183.4284.148\bin"/>
    <property name="file.encoding" value="UTF-8"/>
    <property name="user.name" value="ppopov2"/>
    <property name="java.class.path" value="C:\Users\ppopov2\AppData\Local\JetBrains\Toolbox\apps\IDEA-U\ch-0\183.4284.148\plugins\maven\lib\maven3\boot\plexus-classworlds-2.5.2.jar;C:\Users\ppopov2\AppData\Local\JetBrains\Toolbox\apps\IDEA-U\ch-0\183.4284.148\lib\idea_rt.jar"/>
    <property name="java.vm.specification.version" value="1.8"/>
    <property name="sun.arch.data.model" value="64"/>
    <property name="java.home" value="C:\Program Files\Java\jdk1.8.0_191\jre"/>
    <property name="sun.java.command" value="com.intellij.rt.execution.application.AppMainV2 org.codehaus.classworlds.Launcher -Didea.version=2018.3 package"/>
    <property name="java.specification.vendor" value="Oracle Corporation"/>
    <property name="user.language" value="en"/>
    <property name="awt.toolkit" value="sun.awt.windows.WToolkit"/>
    <property name="java.vm.info" value="mixed mode"/>
    <property name="java.version" value="1.8.0_191"/>
    <property name="java.ext.dirs" value="C:\Program Files\Java\jdk1.8.0_191\jre\lib\ext;C:\WINDOWS\Sun\Java\lib\ext"/>
    <property name="sun.boot.class.path" value="C:\Program Files\Java\jdk1.8.0_191\jre\lib\resources.jar;C:\Program Files\Java\jdk1.8.0_191\jre\lib\rt.jar;C:\Program Files\Java\jdk1.8.0_191\jre\lib\sunrsasign.jar;C:\Program Files\Java\jdk1.8.0_191\jre\lib\jsse.jar;C:\Program Files\Java\jdk1.8.0_191\jre\lib\jce.jar;C:\Program Files\Java\jdk1.8.0_191\jre\lib\charsets.jar;C:\Program Files\Java\jdk1.8.0_191\jre\lib\jfr.jar;C:\Program Files\Java\jdk1.8.0_191\jre\classes"/>
    <property name="java.vendor" value="Oracle Corporation"/>
    <property name="maven.home" value="C:\Users\ppopov2\AppData\Local\JetBrains\Toolbox\apps\IDEA-U\ch-0\183.4284.148\plugins\maven\lib\maven3"/>
    <property name="file.separator" value="\"/>
    <property name="java.vendor.url.bug" value="http://bugreport.sun.com/bugreport/"/>
    <property name="sun.cpu.endian" value="little"/>
    <property name="sun.io.unicode.encoding" value="UnicodeLittle"/>
    <property name="sun.desktop" value="windows"/>
    <property name="sun.cpu.isalist" value="amd64"/>
  </properties>
  <testcase name="setup" classname="com.automation.gvc.test.TC_001_Login" time="0.372">
    <failure message="&#10;Parameter &apos;browser&apos; is required by BeforeSuite on method setup but has not been marked @Optional or defined&#10;in C:\GVC_TEST\src\main\resources\testng.xml" type="org.testng.TestNGException">org.testng.TestNGException: 

Parameter 'browser' is required by BeforeSuite on method setup but has not been marked @Optional or defined
in C:\GVC_TEST\src\main\resources\testng.xml
</failure>
    <system-err><![CDATA[SLF4J: Failed to load class "org.slf4j.impl.StaticLoggerBinder".
SLF4J: Defaulting to no-operation (NOP) logger implementation
SLF4J: See http://www.slf4j.org/codes.html#StaticLoggerBinder for further details.
]]></system-err>
  </testcase>
  <testcase name="startTest" classname="com.automation.gvc.test.TC_001_Login" time="0">
    <skipped/>
  </testcase>
  <testcase name="openHomePage" classname="com.automation.gvc.test.TC_001_Login" time="0">
    <skipped message="&#10;Parameter &apos;browser&apos; is required by BeforeSuite on method setup but has not been marked @Optional or defined&#10;in C:\GVC_TEST\src\main\resources\testng.xml"/>
  </testcase>
  <testcase name="report" classname="com.automation.gvc.test.TC_001_Login" time="0">
    <skipped/>
  </testcase>
  <testcase name="report" classname="com.automation.gvc.test.TC_001_Login" time="0">
    <skipped/>
  </testcase>
  <testcase name="report" classname="com.automation.gvc.test.TC_001_Login" time="0">
    <skipped/>
  </testcase>
  <testcase name="report" classname="com.automation.gvc.test.TC_001_Login" time="0">
    <skipped/>
  </testcase>
  <testcase name="report" classname="com.automation.gvc.test.TC_001_Login" time="0">
    <skipped/>
  </testcase>
  <testcase name="report" classname="com.automation.gvc.test.TC_001_Login" time="0">
    <skipped/>
  </testcase>
  <testcase name="report" classname="com.automation.gvc.test.TC_001_Login" time="0">
    <skipped/>
  </testcase>
  <testcase name="report" classname="com.automation.gvc.test.TC_001_Login" time="0">
    <skipped/>
  </testcase>
  <testcase name="report" classname="com.automation.gvc.test.TC_001_Login" time="0">
    <skipped/>
  </testcase>
  <testcase name="searchItem" classname="com.automation.gvc.test.TC_001_Login" time="0">
    <skipped message="&#10;Parameter &apos;browser&apos; is required by BeforeSuite on method setup but has not been marked @Optional or defined&#10;in C:\GVC_TEST\src\main\resources\testng.xml"/>
  </testcase>
  <testcase name="openDepartments" classname="com.automation.gvc.test.TC_001_Login" time="0">
    <skipped message="&#10;Parameter &apos;browser&apos; is required by BeforeSuite on method setup but has not been marked @Optional or defined&#10;in C:\GVC_TEST\src\main\resources\testng.xml"/>
  </testcase>
  <testcase name="setPriceRange" classname="com.automation.gvc.test.TC_001_Login" time="0">
    <skipped message="&#10;Parameter &apos;browser&apos; is required by BeforeSuite on method setup but has not been marked @Optional or defined&#10;in C:\GVC_TEST\src\main\resources\testng.xml"/>
  </testcase>
  <testcase name="setAgeRange" classname="com.automation.gvc.test.TC_001_Login" time="0">
    <skipped message="&#10;Parameter &apos;browser&apos; is required by BeforeSuite on method setup but has not been marked @Optional or defined&#10;in C:\GVC_TEST\src\main\resources\testng.xml"/>
  </testcase>
  <testcase name="openItem" classname="com.automation.gvc.test.TC_001_Login" time="0">
    <skipped message="&#10;Parameter &apos;browser&apos; is required by BeforeSuite on method setup but has not been marked @Optional or defined&#10;in C:\GVC_TEST\src\main\resources\testng.xml"/>
  </testcase>
  <testcase name="setQty" classname="com.automation.gvc.test.TC_001_Login" time="0">
    <skipped message="&#10;Parameter &apos;browser&apos; is required by BeforeSuite on method setup but has not been marked @Optional or defined&#10;in C:\GVC_TEST\src\main\resources\testng.xml"/>
  </testcase>
  <testcase name="addItemToCart" classname="com.automation.gvc.test.TC_001_Login" time="0">
    <skipped message="&#10;Parameter &apos;browser&apos; is required by BeforeSuite on method setup but has not been marked @Optional or defined&#10;in C:\GVC_TEST\src\main\resources\testng.xml"/>
  </testcase>
  <testcase name="checkCart" classname="com.automation.gvc.test.TC_001_Login" time="0">
    <skipped message="&#10;Parameter &apos;browser&apos; is required by BeforeSuite on method setup but has not been marked @Optional or defined&#10;in C:\GVC_TEST\src\main\resources\testng.xml"/>
  </testcase>
  <testcase name="quit" classname="com.automation.gvc.test.TC_001_Login" time="0">
    <skipped/>
  </testcase>
</testsuite>