<?xml version="1.0" encoding="UTF-8"?>
<!-- Generated by org.testng.reporters.JUnitReportReporter -->
<testsuite skipped="9" hostname="BG01W00160" name="com.automation.gvc.test.TC_001_Login" tests="10" failures="0" timestamp="06 Dec 2018 13:52:36 GMT" time="0.000" errors="1">
  <testcase name="setup" time="0.000" classname="com.automation.gvc.test.TC_001_Login">
    <error type="org.testng.TestNGException" message="
Parameter &#039;browser&#039; is required by BeforeSuite on method setup but has not been marked @Optional or defined
in C:\GVC_TEST\src\main\resources\testng.xml">
      <![CDATA[org.testng.TestNGException: 
Parameter 'browser' is required by BeforeSuite on method setup but has not been marked @Optional or defined
in C:\GVC_TEST\src\main\resources\testng.xml
at org.testng.internal.Parameters.createParams(Parameters.java:290)
at org.testng.internal.Parameters.createParametersForMethod(Parameters.java:359)
at org.testng.internal.Parameters.createParameters(Parameters.java:620)
at org.testng.internal.Parameters.createConfigurationParameters(Parameters.java:190)
at org.testng.internal.Invoker.invokeConfigurations(Invoker.java:209)
at org.testng.internal.Invoker.invokeConfigurations(Invoker.java:142)
at org.testng.SuiteRunner.privateRun(SuiteRunner.java:401)
at org.testng.SuiteRunner.run(SuiteRunner.java:364)
at org.testng.SuiteRunnerWorker.runSuite(SuiteRunnerWorker.java:52)
at org.testng.SuiteRunnerWorker.run(SuiteRunnerWorker.java:84)
at org.testng.TestNG.runSuitesSequentially(TestNG.java:1208)
at org.testng.TestNG.runSuitesLocally(TestNG.java:1137)
at org.testng.TestNG.runSuites(TestNG.java:1049)
at org.testng.TestNG.run(TestNG.java:1017)
at org.apache.maven.surefire.testng.TestNGExecutor.run(TestNGExecutor.java:281)
at org.apache.maven.surefire.testng.TestNGXmlTestSuite.execute(TestNGXmlTestSuite.java:75)
at org.apache.maven.surefire.testng.TestNGProvider.invoke(TestNGProvider.java:121)
at org.apache.maven.surefire.booter.ForkedBooter.invokeProviderInSameClassLoader(ForkedBooter.java:290)
at org.apache.maven.surefire.booter.ForkedBooter.runSuitesInProcess(ForkedBooter.java:242)
at org.apache.maven.surefire.booter.ForkedBooter.main(ForkedBooter.java:121)
]]>
    </error>
  </testcase> <!-- setup -->
  <testcase name="addItemToCart" time="0.000" classname="com.automation.gvc.test.TC_001_Login">
    <skipped/>
  </testcase> <!-- addItemToCart -->
  <testcase name="checkCart" time="0.000" classname="com.automation.gvc.test.TC_001_Login">
    <skipped/>
  </testcase> <!-- checkCart -->
  <testcase name="setAgeRange" time="0.000" classname="com.automation.gvc.test.TC_001_Login">
    <skipped/>
  </testcase> <!-- setAgeRange -->
  <testcase name="openDepartments" time="0.000" classname="com.automation.gvc.test.TC_001_Login">
    <skipped/>
  </testcase> <!-- openDepartments -->
  <testcase name="setPriceRange" time="0.000" classname="com.automation.gvc.test.TC_001_Login">
    <skipped/>
  </testcase> <!-- setPriceRange -->
  <testcase name="openItem" time="0.000" classname="com.automation.gvc.test.TC_001_Login">
    <skipped/>
  </testcase> <!-- openItem -->
  <testcase name="openHomePage" time="0.000" classname="com.automation.gvc.test.TC_001_Login">
    <skipped/>
  </testcase> <!-- openHomePage -->
  <testcase name="setQty" time="0.000" classname="com.automation.gvc.test.TC_001_Login">
    <skipped/>
  </testcase> <!-- setQty -->
  <testcase name="searchItem" time="0.000" classname="com.automation.gvc.test.TC_001_Login">
    <skipped/>
  </testcase> <!-- searchItem -->
</testsuite> <!-- com.automation.gvc.test.TC_001_Login -->
